Line 13: Class MediaPlayerCtl.MediaPlayer of control mp1 was not a loaded control class.
Line 19: The property name AudioStream in mp1 is invalid.
Line 21: The property name AutoStart in mp1 is invalid.
Line 22: The property name AnimationAtStart in mp1 is invalid.
Line 23: The property name AllowScan in mp1 is invalid.
Line 24: The property name AllowChangeDisplaySize in mp1 is invalid.
Line 25: The property name AutoRewind in mp1 is invalid.
Line 26: The property name Balance in mp1 is invalid.
Line 27: The property name BaseURL in mp1 is invalid.
Line 28: The property name BufferingTime in mp1 is invalid.
Line 29: The property name CaptioningID in mp1 is invalid.
Line 30: The property name ClickToPlay in mp1 is invalid.
Line 31: The property name CursorType in mp1 is invalid.
Line 32: The property name CurrentPosition in mp1 is invalid.
Line 33: The property name CurrentMarker in mp1 is invalid.
Line 34: The property name DefaultFrame in mp1 is invalid.
Line 35: The property name DisplayBackColor in mp1 is invalid.
Line 36: The property name DisplayForeColor in mp1 is invalid.
Line 37: The property name DisplayMode in mp1 is invalid.
Line 38: The property name DisplaySize in mp1 is invalid.
Line 40: The property name EnableContextMenu in mp1 is invalid.
Line 41: The property name EnablePositionControls in mp1 is invalid.
Line 42: The property name EnableFullScreenControls in mp1 is invalid.
Line 43: The property name EnableTracker in mp1 is invalid.
Line 44: The property name Filename in mp1 is invalid.
Line 45: The property name InvokeURLs in mp1 is invalid.
Line 46: The property name Language in mp1 is invalid.
Line 47: The property name Mute in mp1 is invalid.
Line 48: The property name PlayCount in mp1 is invalid.
Line 49: The property name PreviewMode in mp1 is invalid.
Line 50: The property name Rate in mp1 is invalid.
Line 51: The property name SAMILang in mp1 is invalid.
Line 52: The property name SAMIStyle in mp1 is invalid.
Line 53: The property name SAMIFileName in mp1 is invalid.
Line 54: The property name SelectionStart in mp1 is invalid.
Line 55: The property name SelectionEnd in mp1 is invalid.
Line 56: The property name SendOpenStateChangeEvents in mp1 is invalid.
Line 57: The property name SendWarningEvents in mp1 is invalid.
Line 58: The property name SendErrorEvents in mp1 is invalid.
Line 59: The property name SendKeyboardEvents in mp1 is invalid.
Line 60: The property name SendMouseClickEvents in mp1 is invalid.
Line 61: The property name SendMouseMoveEvents in mp1 is invalid.
Line 62: The property name SendPlayStateChangeEvents in mp1 is invalid.
Line 63: The property name ShowCaptioning in mp1 is invalid.
Line 64: The property name ShowControls in mp1 is invalid.
Line 65: The property name ShowAudioControls in mp1 is invalid.
Line 66: The property name ShowDisplay in mp1 is invalid.
Line 67: The property name ShowGotoBar in mp1 is invalid.
Line 68: The property name ShowPositionControls in mp1 is invalid.
Line 69: The property name ShowStatusBar in mp1 is invalid.
Line 70: The property name ShowTracker in mp1 is invalid.
Line 71: The property name TransparentAtStart in mp1 is invalid.
Line 72: The property name VideoBorderWidth in mp1 is invalid.
Line 73: The property name VideoBorderColor in mp1 is invalid.
Line 74: The property name VideoBorder3D in mp1 is invalid.
Line 75: The property name Volume in mp1 is invalid.
Line 76: The property name WindowlessVideo in mp1 is invalid.
