Line 22: Class Chameleon.chameleonButton of control chameleonButton4 was not a loaded control class.
Line 101: Class Chameleon.chameleonButton of control chameleonButton1 was not a loaded control class.
Line 28: The property name _ExtentX in chameleonButton4 is invalid.
Line 29: The property name _ExtentY in chameleonButton4 is invalid.
Line 30: The property name BTYPE in chameleonButton4 is invalid.
Line 31: The property name TX in chameleonButton4 is invalid.
Line 32: The property name ENAB in chameleonButton4 is invalid.
Line 42: The property name COLTYPE in chameleonButton4 is invalid.
Line 43: The property name FOCUSR in chameleonButton4 is invalid.
Line 44: The property name BCOL in chameleonButton4 is invalid.
Line 45: The property name BCOLO in chameleonButton4 is invalid.
Line 46: The property name FCOL in chameleonButton4 is invalid.
Line 47: The property name FCOLO in chameleonButton4 is invalid.
Line 48: The property name MCOL in chameleonButton4 is invalid.
Line 49: The property name MPTR in chameleonButton4 is invalid.
Line 50: The property name MICON in chameleonButton4 is invalid.
Line 51: The property name UMCOL in chameleonButton4 is invalid.
Line 52: The property name SOFT in chameleonButton4 is invalid.
Line 53: The property name PICPOS in chameleonButton4 is invalid.
Line 54: The property name NGREY in chameleonButton4 is invalid.
Line 55: The property name FX in chameleonButton4 is invalid.
Line 56: The property name HAND in chameleonButton4 is invalid.
Line 57: The property name CHECK in chameleonButton4 is invalid.
Line 58: The property name VALUE in chameleonButton4 is invalid.
Line 107: The property name _ExtentX in chameleonButton1 is invalid.
Line 108: The property name _ExtentY in chameleonButton1 is invalid.
Line 109: The property name BTYPE in chameleonButton1 is invalid.
Line 110: The property name TX in chameleonButton1 is invalid.
Line 111: The property name ENAB in chameleonButton1 is invalid.
Line 121: The property name COLTYPE in chameleonButton1 is invalid.
Line 122: The property name FOCUSR in chameleonButton1 is invalid.
Line 123: The property name BCOL in chameleonButton1 is invalid.
Line 124: The property name BCOLO in chameleonButton1 is invalid.
Line 125: The property name FCOL in chameleonButton1 is invalid.
Line 126: The property name FCOLO in chameleonButton1 is invalid.
Line 127: The property name MCOL in chameleonButton1 is invalid.
Line 128: The property name MPTR in chameleonButton1 is invalid.
Line 129: The property name MICON in chameleonButton1 is invalid.
Line 130: The property name UMCOL in chameleonButton1 is invalid.
Line 131: The property name SOFT in chameleonButton1 is invalid.
Line 132: The property name PICPOS in chameleonButton1 is invalid.
Line 133: The property name NGREY in chameleonButton1 is invalid.
Line 134: The property name FX in chameleonButton1 is invalid.
Line 135: The property name HAND in chameleonButton1 is invalid.
Line 136: The property name CHECK in chameleonButton1 is invalid.
Line 137: The property name VALUE in chameleonButton1 is invalid.
